<?xml version="1.0" encoding="UTF-8"?>
<testsuite xmlns:xsi="http://www.w3.org/2001/XMLSchema-instance" xsi:noNamespaceSchemaLocation="https://maven.apache.org/surefire/maven-surefire-plugin/xsd/surefire-test-report-3.0.xsd" version="3.0" name="org.example.runner.TestRunner" time="29.777" tests="4" errors="0" skipped="0" failures="0">
  <properties>
    <property name="java.specification.version" value="17"/>
    <property name="sun.jnu.encoding" value="UTF-8"/>
    <property name="sun.awt.enableExtraMouseButtons" value="true"/>
    <property name="java.class.path" value="/Users/sushantnew/Documents/BDD-Selenium-2/target/test-classes:/Users/sushantnew/Documents/BDD-Selenium-2/target/classes:/Users/sushantnew/.m2/repository/io/cucumber/cucumber-java/6.9.1/cucumber-java-6.9.1.jar:/Users/sushantnew/.m2/repository/org/apiguardian/apiguardian-api/1.1.0/apiguardian-api-1.1.0.jar:/Users/sushantnew/.m2/repository/io/cucumber/cucumber-core/6.9.1/cucumber-core-6.9.1.jar:/Users/sushantnew/.m2/repository/io/cucumber/cucumber-gherkin/6.9.1/cucumber-gherkin-6.9.1.jar:/Users/sushantnew/.m2/repository/io/cucumber/cucumber-gherkin-messages/6.9.1/cucumber-gherkin-messages-6.9.1.jar:/Users/sushantnew/.m2/repository/io/cucumber/messages/13.2.1/messages-13.2.1.jar:/Users/sushantnew/.m2/repository/io/cucumber/tag-expressions/3.0.0/tag-expressions-3.0.0.jar:/Users/sushantnew/.m2/repository/io/cucumber/cucumber-expressions/10.3.0/cucumber-expressions-10.3.0.jar:/Users/sushantnew/.m2/repository/io/cucumber/datatable/3.5.0/datatable-3.5.0.jar:/Users/sushantnew/.m2/repository/io/cucumber/cucumber-plugin/6.9.1/cucumber-plugin-6.9.1.jar:/Users/sushantnew/.m2/repository/io/cucumber/docstring/6.9.1/docstring-6.9.1.jar:/Users/sushantnew/.m2/repository/io/cucumber/html-formatter/9.0.0/html-formatter-9.0.0.jar:/Users/sushantnew/.m2/repository/io/cucumber/create-meta/2.0.4/create-meta-2.0.4.jar:/Users/sushantnew/.m2/repository/io/cucumber/cucumber-junit/6.9.1/cucumber-junit-6.9.1.jar:/Users/sushantnew/.m2/repository/junit/junit/4.13.1/junit-4.13.1.jar:/Users/sushantnew/.m2/repository/org/hamcrest/hamcrest-core/1.3/hamcrest-core-1.3.jar:/Users/sushantnew/.m2/repository/io/cucumber/cucumber-picocontainer/6.9.1/cucumber-picocontainer-6.9.1.jar:/Users/sushantnew/.m2/repository/org/picocontainer/picocontainer/2.15/picocontainer-2.15.jar:/Users/sushantnew/.m2/repository/io/cucumber/cucumber-jvm-deps/1.0.6/cucumber-jvm-deps-1.0.6.jar:/Users/sushantnew/.m2/repository/io/cucumber/gherkin/5.0.0/gherkin-5.0.0.jar:/Users/sushantnew/.m2/repository/io/cucumber/gherkin-jvm-deps/1.0.4/gherkin-jvm-deps-1.0.4.jar:/Users/sushantnew/.m2/repository/net/masterthought/cucumber-reporting/5.7.4/cucumber-reporting-5.7.4.jar:/Users/sushantnew/.m2/repository/com/fasterxml/jackson/core/jackson-databind/2.13.2.2/jackson-databind-2.13.2.2.jar:/Users/sushantnew/.m2/repository/com/fasterxml/jackson/core/jackson-annotations/2.13.2/jackson-annotations-2.13.2.jar:/Users/sushantnew/.m2/repository/com/fasterxml/jackson/core/jackson-core/2.13.2/jackson-core-2.13.2.jar:/Users/sushantnew/.m2/repository/com/fasterxml/jackson/datatype/jackson-datatype-jsr310/2.13.2/jackson-datatype-jsr310-2.13.2.jar:/Users/sushantnew/.m2/repository/org/apache/velocity/velocity-engine-core/2.3/velocity-engine-core-2.3.jar:/Users/sushantnew/.m2/repository/org/slf4j/slf4j-api/1.7.30/slf4j-api-1.7.30.jar:/Users/sushantnew/.m2/repository/org/apache/commons/commons-collections4/4.4/commons-collections4-4.4.jar:/Users/sushantnew/.m2/repository/joda-time/joda-time/2.10.14/joda-time-2.10.14.jar:/Users/sushantnew/.m2/repository/org/apache/commons/commons-lang3/3.12.0/commons-lang3-3.12.0.jar:/Users/sushantnew/.m2/repository/commons-io/commons-io/2.7/commons-io-2.7.jar:/Users/sushantnew/.m2/repository/org/codehaus/plexus/plexus-utils/3.4.2/plexus-utils-3.4.2.jar:/Users/sushantnew/.m2/repository/org/jsoup/jsoup/1.15.3/jsoup-1.15.3.jar:/Users/sushantnew/.m2/repository/com/googlecode/owasp-java-html-sanitizer/owasp-java-html-sanitizer/20211018.2/owasp-java-html-sanitizer-20211018.2.jar:/Users/sushantnew/.m2/repository/commons-configuration/commons-configuration/1.10/commons-configuration-1.10.jar:/Users/sushantnew/.m2/repository/commons-lang/commons-lang/2.6/commons-lang-2.6.jar:/Users/sushantnew/.m2/repository/commons-logging/commons-logging/1.1.1/commons-logging-1.1.1.jar:/Users/sushantnew/.m2/repository/org/seleniumhq/selenium/selenium-java/4.23.0/selenium-java-4.23.0.jar:/Users/sushantnew/.m2/repository/org/seleniumhq/selenium/selenium-api/4.23.0/selenium-api-4.23.0.jar:/Users/sushantnew/.m2/repository/org/seleniumhq/selenium/selenium-chrome-driver/4.23.0/selenium-chrome-driver-4.23.0.jar:/Users/sushantnew/.m2/repository/com/google/auto/service/auto-service-annotations/1.1.1/auto-service-annotations-1.1.1.jar:/Users/sushantnew/.m2/repository/org/seleniumhq/selenium/selenium-chromium-driver/4.23.0/selenium-chromium-driver-4.23.0.jar:/Users/sushantnew/.m2/repository/org/seleniumhq/selenium/selenium-json/4.23.0/selenium-json-4.23.0.jar:/Users/sushantnew/.m2/repository/org/seleniumhq/selenium/selenium-manager/4.23.0/selenium-manager-4.23.0.jar:/Users/sushantnew/.m2/repository/org/seleniumhq/selenium/selenium-devtools-v125/4.23.0/selenium-devtools-v125-4.23.0.jar:/Users/sushantnew/.m2/repository/org/seleniumhq/selenium/selenium-devtools-v126/4.23.0/selenium-devtools-v126-4.23.0.jar:/Users/sushantnew/.m2/repository/org/seleniumhq/selenium/selenium-devtools-v127/4.23.0/selenium-devtools-v127-4.23.0.jar:/Users/sushantnew/.m2/repository/org/seleniumhq/selenium/selenium-devtools-v85/4.23.0/selenium-devtools-v85-4.23.0.jar:/Users/sushantnew/.m2/repository/org/seleniumhq/selenium/selenium-edge-driver/4.23.0/selenium-edge-driver-4.23.0.jar:/Users/sushantnew/.m2/repository/org/seleniumhq/selenium/selenium-firefox-driver/4.23.0/selenium-firefox-driver-4.23.0.jar:/Users/sushantnew/.m2/repository/org/seleniumhq/selenium/selenium-http/4.23.0/selenium-http-4.23.0.jar:/Users/sushantnew/.m2/repository/dev/failsafe/failsafe/3.3.2/failsafe-3.3.2.jar:/Users/sushantnew/.m2/repository/org/seleniumhq/selenium/selenium-ie-driver/4.23.0/selenium-ie-driver-4.23.0.jar:/Users/sushantnew/.m2/repository/org/seleniumhq/selenium/selenium-remote-driver/4.23.0/selenium-remote-driver-4.23.0.jar:/Users/sushantnew/.m2/repository/io/opentelemetry/semconv/opentelemetry-semconv/1.25.0-alpha/opentelemetry-semconv-1.25.0-alpha.jar:/Users/sushantnew/.m2/repository/io/opentelemetry/opentelemetry-api/1.40.0/opentelemetry-api-1.40.0.jar:/Users/sushantnew/.m2/repository/io/opentelemetry/opentelemetry-context/1.40.0/opentelemetry-context-1.40.0.jar:/Users/sushantnew/.m2/repository/io/opentelemetry/opentelemetry-exporter-logging/1.40.0/opentelemetry-exporter-logging-1.40.0.jar:/Users/sushantnew/.m2/repository/io/opentelemetry/opentelemetry-sdk-common/1.40.0/opentelemetry-sdk-common-1.40.0.jar:/Users/sushantnew/.m2/repository/io/opentelemetry/opentelemetry-sdk-extension-autoconfigure-spi/1.40.0/opentelemetry-sdk-extension-autoconfigure-spi-1.40.0.jar:/Users/sushantnew/.m2/repository/io/opentelemetry/opentelemetry-sdk-extension-autoconfigure/1.40.0/opentelemetry-sdk-extension-autoconfigure-1.40.0.jar:/Users/sushantnew/.m2/repository/io/opentelemetry/opentelemetry-api-incubator/1.40.0-alpha/opentelemetry-api-incubator-1.40.0-alpha.jar:/Users/sushantnew/.m2/repository/io/opentelemetry/opentelemetry-sdk-trace/1.40.0/opentelemetry-sdk-trace-1.40.0.jar:/Users/sushantnew/.m2/repository/io/opentelemetry/opentelemetry-sdk/1.40.0/opentelemetry-sdk-1.40.0.jar:/Users/sushantnew/.m2/repository/io/opentelemetry/opentelemetry-sdk-metrics/1.40.0/opentelemetry-sdk-metrics-1.40.0.jar:/Users/sushantnew/.m2/repository/io/opentelemetry/opentelemetry-sdk-logs/1.40.0/opentelemetry-sdk-logs-1.40.0.jar:/Users/sushantnew/.m2/repository/net/bytebuddy/byte-buddy/1.14.18/byte-buddy-1.14.18.jar:/Users/sushantnew/.m2/repository/org/seleniumhq/selenium/selenium-os/4.23.0/selenium-os-4.23.0.jar:/Users/sushantnew/.m2/repository/org/apache/commons/commons-exec/1.4.0/commons-exec-1.4.0.jar:/Users/sushantnew/.m2/repository/org/seleniumhq/selenium/selenium-safari-driver/4.23.0/selenium-safari-driver-4.23.0.jar:/Users/sushantnew/.m2/repository/org/seleniumhq/selenium/selenium-support/4.23.0/selenium-support-4.23.0.jar:/Users/sushantnew/.m2/repository/org/apache/logging/log4j/log4j-core/2.17.2/log4j-core-2.17.2.jar:/Users/sushantnew/.m2/repository/org/apache/logging/log4j/log4j-api/2.17.2/log4j-api-2.17.2.jar:/Users/sushantnew/.m2/repository/io/rest-assured/rest-assured/5.0.1/rest-assured-5.0.1.jar:/Users/sushantnew/.m2/repository/org/apache/groovy/groovy/4.0.1/groovy-4.0.1.jar:/Users/sushantnew/.m2/repository/org/apache/groovy/groovy-xml/4.0.1/groovy-xml-4.0.1.jar:/Users/sushantnew/.m2/repository/org/apache/httpcomponents/httpclient/4.5.13/httpclient-4.5.13.jar:/Users/sushantnew/.m2/repository/org/apache/httpcomponents/httpcore/4.4.13/httpcore-4.4.13.jar:/Users/sushantnew/.m2/repository/commons-codec/commons-codec/1.11/commons-codec-1.11.jar:/Users/sushantnew/.m2/repository/org/apache/httpcomponents/httpmime/4.5.13/httpmime-4.5.13.jar:/Users/sushantnew/.m2/repository/org/hamcrest/hamcrest/2.1/hamcrest-2.1.jar:/Users/sushantnew/.m2/repository/org/ccil/cowan/tagsoup/tagsoup/1.2.1/tagsoup-1.2.1.jar:/Users/sushantnew/.m2/repository/io/rest-assured/json-path/5.0.1/json-path-5.0.1.jar:/Users/sushantnew/.m2/repository/org/apache/groovy/groovy-json/4.0.1/groovy-json-4.0.1.jar:/Users/sushantnew/.m2/repository/io/rest-assured/json-schema-validator/5.0.1/json-schema-validator-5.0.1.jar:/Users/sushantnew/.m2/repository/com/github/java-json-tools/json-schema-validator/2.2.14/json-schema-validator-2.2.14.jar:/Users/sushantnew/.m2/repository/com/github/java-json-tools/jackson-coreutils-equivalence/1.0/jackson-coreutils-equivalence-1.0.jar:/Users/sushantnew/.m2/repository/com/github/java-json-tools/jackson-coreutils/2.0/jackson-coreutils-2.0.jar:/Users/sushantnew/.m2/repository/com/github/java-json-tools/msg-simple/1.2/msg-simple-1.2.jar:/Users/sushantnew/.m2/repository/com/github/java-json-tools/btf/1.3/btf-1.3.jar:/Users/sushantnew/.m2/repository/com/github/java-json-tools/json-schema-core/1.2.14/json-schema-core-1.2.14.jar:/Users/sushantnew/.m2/repository/com/github/java-json-tools/uri-template/0.10/uri-template-0.10.jar:/Users/sushantnew/.m2/repository/org/mozilla/rhino/1.7.7.2/rhino-1.7.7.2.jar:/Users/sushantnew/.m2/repository/com/sun/mail/mailapi/1.6.2/mailapi-1.6.2.jar:/Users/sushantnew/.m2/repository/com/googlecode/libphonenumber/libphonenumber/8.11.1/libphonenumber-8.11.1.jar:/Users/sushantnew/.m2/repository/net/sf/jopt-simple/jopt-simple/5.0.4/jopt-simple-5.0.4.jar:/Users/sushantnew/.m2/repository/io/rest-assured/xml-path/5.0.1/xml-path-5.0.1.jar:/Users/sushantnew/.m2/repository/io/rest-assured/rest-assured-common/5.0.1/rest-assured-common-5.0.1.jar:/Users/sushantnew/.m2/repository/org/junit/jupiter/junit-jupiter-api/5.7.2/junit-jupiter-api-5.7.2.jar:/Users/sushantnew/.m2/repository/org/opentest4j/opentest4j/1.2.0/opentest4j-1.2.0.jar:/Users/sushantnew/.m2/repository/org/junit/platform/junit-platform-commons/1.7.2/junit-platform-commons-1.7.2.jar:/Users/sushantnew/.m2/repository/org/hamcrest/java-hamcrest/2.0.0.0/java-hamcrest-2.0.0.0.jar:/Users/sushantnew/.m2/repository/org/hamcrest/hamcrest-all/1.3/hamcrest-all-1.3.jar:/Users/sushantnew/.m2/repository/tech/grasshopper/extentreports-cucumber6-adapter/2.17.0/extentreports-cucumber6-adapter-2.17.0.jar:/Users/sushantnew/.m2/repository/com/aventstack/extentreports/5.0.9/extentreports-5.0.9.jar:/Users/sushantnew/.m2/repository/io/reactivex/rxjava3/rxjava/3.0.4/rxjava-3.0.4.jar:/Users/sushantnew/.m2/repository/org/reactivestreams/reactive-streams/1.0.3/reactive-streams-1.0.3.jar:/Users/sushantnew/.m2/repository/org/freemarker/freemarker/2.3.30/freemarker-2.3.30.jar:/Users/sushantnew/.m2/repository/com/google/code/gson/gson/2.8.6/gson-2.8.6.jar:/Users/sushantnew/.m2/repository/tech/grasshopper/extent-pdf-report/2.11.0/extent-pdf-report-2.11.0.jar:/Users/sushantnew/.m2/repository/tech/grasshopper/cucumber-pdf-report/2.13.0/cucumber-pdf-report-2.13.0.jar:/Users/sushantnew/.m2/repository/org/apache/pdfbox/pdfbox/2.0.26/pdfbox-2.0.26.jar:/Users/sushantnew/.m2/repository/org/apache/pdfbox/fontbox/2.0.26/fontbox-2.0.26.jar:/Users/sushantnew/.m2/repository/org/knowm/xchart/xchart/3.8.0/xchart-3.8.0.jar:/Users/sushantnew/.m2/repository/de/erichseifert/vectorgraphics2d/VectorGraphics2D/0.13/VectorGraphics2D-0.13.jar:/Users/sushantnew/.m2/repository/de/rototor/pdfbox/graphics2d/0.30/graphics2d-0.30.jar:/Users/sushantnew/.m2/repository/com/madgag/animated-gif-lib/1.4/animated-gif-lib-1.4.jar:/Users/sushantnew/.m2/repository/org/yaml/snakeyaml/2.0/snakeyaml-2.0.jar:/Users/sushantnew/.m2/repository/tech/grasshopper/table-layout/1.5.1/table-layout-1.5.1.jar:/Users/sushantnew/.m2/repository/tech/grasshopper/rest-assured-cucumber-pdf-report/1.4.1/rest-assured-cucumber-pdf-report-1.4.1.jar:/Users/sushantnew/.m2/repository/com/aventstack/klov-reporter/5.0.9/klov-reporter-5.0.9.jar:/Users/sushantnew/.m2/repository/org/mongodb/bson/3.6.4/bson-3.6.4.jar:/Users/sushantnew/.m2/repository/tech/grasshopper/htmlextentreporter/1.0.1/htmlextentreporter-1.0.1.jar:/Users/sushantnew/.m2/repository/tech/grasshopper/extent-excel-report/1.3.0/extent-excel-report-1.3.0.jar:/Users/sushantnew/.m2/repository/org/mongodb/mongodb-driver/3.3.0/mongodb-driver-3.3.0.jar:/Users/sushantnew/.m2/repository/org/mongodb/mongodb-driver-core/3.3.0/mongodb-driver-core-3.3.0.jar:/Users/sushantnew/.m2/repository/com/googlecode/json-simple/json-simple/1.1.1/json-simple-1.1.1.jar:/Users/sushantnew/.m2/repository/org/apache/poi/poi-ooxml/5.2.2/poi-ooxml-5.2.2.jar:/Users/sushantnew/.m2/repository/org/apache/poi/poi/5.2.2/poi-5.2.2.jar:/Users/sushantnew/.m2/repository/org/apache/commons/commons-math3/3.6.1/commons-math3-3.6.1.jar:/Users/sushantnew/.m2/repository/com/zaxxer/SparseBitSet/1.2/SparseBitSet-1.2.jar:/Users/sushantnew/.m2/repository/org/apache/poi/poi-ooxml-lite/5.2.2/poi-ooxml-lite-5.2.2.jar:/Users/sushantnew/.m2/repository/org/apache/xmlbeans/xmlbeans/5.0.3/xmlbeans-5.0.3.jar:/Users/sushantnew/.m2/repository/org/apache/commons/commons-compress/1.21/commons-compress-1.21.jar:/Users/sushantnew/.m2/repository/com/github/virtuald/curvesapi/1.07/curvesapi-1.07.jar:/Users/sushantnew/.m2/repository/org/json/json/20230227/json-20230227.jar:/Users/sushantnew/.m2/repository/com/google/guava/guava/32.0.0-jre/guava-32.0.0-jre.jar:/Users/sushantnew/.m2/repository/com/google/guava/failureaccess/1.0.1/failureaccess-1.0.1.jar:/Users/sushantnew/.m2/repository/com/google/guava/listenablefuture/9999.0-empty-to-avoid-conflict-with-guava/listenablefuture-9999.0-empty-to-avoid-conflict-with-guava.jar:/Users/sushantnew/.m2/repository/com/google/code/findbugs/jsr305/3.0.2/jsr305-3.0.2.jar:/Users/sushantnew/.m2/repository/org/checkerframework/checker-qual/3.33.0/checker-qual-3.33.0.jar:/Users/sushantnew/.m2/repository/com/google/errorprone/error_prone_annotations/2.18.0/error_prone_annotations-2.18.0.jar:/Users/sushantnew/.m2/repository/com/google/j2objc/j2objc-annotations/2.8/j2objc-annotations-2.8.jar:/Users/sushantnew/.m2/repository/org/projectlombok/lombok/1.18.24/lombok-1.18.24.jar:/Users/sushantnew/.m2/repository/io/cucumber/cucumber-testng/7.3.4/cucumber-testng-7.3.4.jar:/Users/sushantnew/.m2/repository/org/testng/testng/7.5/testng-7.5.jar:/Users/sushantnew/.m2/repository/com/beust/jcommander/1.78/jcommander-1.78.jar:/Users/sushantnew/.m2/repository/org/webjars/jquery/3.5.1/jquery-3.5.1.jar:"/>
    <property name="java.vm.vendor" value="Oracle Corporation"/>
    <property name="sun.arch.data.model" value="64"/>
    <property name="sun.font.fontmanager" value="sun.font.CFontManager"/>
    <property name="java.vendor.url" value="https://java.oracle.com/"/>
    <property name="user.timezone" value="Asia/Kolkata"/>
    <property name="os.name" value="Mac OS X"/>
    <property name="java.vm.specification.version" value="17"/>
    <property name="sun.java.launcher" value="SUN_STANDARD"/>
    <property name="user.country" value="IN"/>
    <property name="sun.boot.library.path" value="/Library/Java/JavaVirtualMachines/jdk-17.jdk/Contents/Home/lib"/>
    <property name="sun.java.command" value="/Users/sushantnew/Documents/BDD-Selenium-2/target/surefire/surefirebooter-20241118212408401_3.jar /Users/sushantnew/Documents/BDD-Selenium-2/target/surefire 2024-11-18T21-24-08_303-jvmRun1 surefire-20241118212408401_1tmp surefire_0-20241118212408401_2tmp"/>
    <property name="http.nonProxyHosts" value="local|*.local|169.254/16|*.169.254/16"/>
    <property name="jdk.debug" value="release"/>
    <property name="surefire.test.class.path" value="/Users/sushantnew/Documents/BDD-Selenium-2/target/test-classes:/Users/sushantnew/Documents/BDD-Selenium-2/target/classes:/Users/sushantnew/.m2/repository/io/cucumber/cucumber-java/6.9.1/cucumber-java-6.9.1.jar:/Users/sushantnew/.m2/repository/org/apiguardian/apiguardian-api/1.1.0/apiguardian-api-1.1.0.jar:/Users/sushantnew/.m2/repository/io/cucumber/cucumber-core/6.9.1/cucumber-core-6.9.1.jar:/Users/sushantnew/.m2/repository/io/cucumber/cucumber-gherkin/6.9.1/cucumber-gherkin-6.9.1.jar:/Users/sushantnew/.m2/repository/io/cucumber/cucumber-gherkin-messages/6.9.1/cucumber-gherkin-messages-6.9.1.jar:/Users/sushantnew/.m2/repository/io/cucumber/messages/13.2.1/messages-13.2.1.jar:/Users/sushantnew/.m2/repository/io/cucumber/tag-expressions/3.0.0/tag-expressions-3.0.0.jar:/Users/sushantnew/.m2/repository/io/cucumber/cucumber-expressions/10.3.0/cucumber-expressions-10.3.0.jar:/Users/sushantnew/.m2/repository/io/cucumber/datatable/3.5.0/datatable-3.5.0.jar:/Users/sushantnew/.m2/repository/io/cucumber/cucumber-plugin/6.9.1/cucumber-plugin-6.9.1.jar:/Users/sushantnew/.m2/repository/io/cucumber/docstring/6.9.1/docstring-6.9.1.jar:/Users/sushantnew/.m2/repository/io/cucumber/html-formatter/9.0.0/html-formatter-9.0.0.jar:/Users/sushantnew/.m2/repository/io/cucumber/create-meta/2.0.4/create-meta-2.0.4.jar:/Users/sushantnew/.m2/repository/io/cucumber/cucumber-junit/6.9.1/cucumber-junit-6.9.1.jar:/Users/sushantnew/.m2/repository/junit/junit/4.13.1/junit-4.13.1.jar:/Users/sushantnew/.m2/repository/org/hamcrest/hamcrest-core/1.3/hamcrest-core-1.3.jar:/Users/sushantnew/.m2/repository/io/cucumber/cucumber-picocontainer/6.9.1/cucumber-picocontainer-6.9.1.jar:/Users/sushantnew/.m2/repository/org/picocontainer/picocontainer/2.15/picocontainer-2.15.jar:/Users/sushantnew/.m2/repository/io/cucumber/cucumber-jvm-deps/1.0.6/cucumber-jvm-deps-1.0.6.jar:/Users/sushantnew/.m2/repository/io/cucumber/gherkin/5.0.0/gherkin-5.0.0.jar:/Users/sushantnew/.m2/repository/io/cucumber/gherkin-jvm-deps/1.0.4/gherkin-jvm-deps-1.0.4.jar:/Users/sushantnew/.m2/repository/net/masterthought/cucumber-reporting/5.7.4/cucumber-reporting-5.7.4.jar:/Users/sushantnew/.m2/repository/com/fasterxml/jackson/core/jackson-databind/2.13.2.2/jackson-databind-2.13.2.2.jar:/Users/sushantnew/.m2/repository/com/fasterxml/jackson/core/jackson-annotations/2.13.2/jackson-annotations-2.13.2.jar:/Users/sushantnew/.m2/repository/com/fasterxml/jackson/core/jackson-core/2.13.2/jackson-core-2.13.2.jar:/Users/sushantnew/.m2/repository/com/fasterxml/jackson/datatype/jackson-datatype-jsr310/2.13.2/jackson-datatype-jsr310-2.13.2.jar:/Users/sushantnew/.m2/repository/org/apache/velocity/velocity-engine-core/2.3/velocity-engine-core-2.3.jar:/Users/sushantnew/.m2/repository/org/slf4j/slf4j-api/1.7.30/slf4j-api-1.7.30.jar:/Users/sushantnew/.m2/repository/org/apache/commons/commons-collections4/4.4/commons-collections4-4.4.jar:/Users/sushantnew/.m2/repository/joda-time/joda-time/2.10.14/joda-time-2.10.14.jar:/Users/sushantnew/.m2/repository/org/apache/commons/commons-lang3/3.12.0/commons-lang3-3.12.0.jar:/Users/sushantnew/.m2/repository/commons-io/commons-io/2.7/commons-io-2.7.jar:/Users/sushantnew/.m2/repository/org/codehaus/plexus/plexus-utils/3.4.2/plexus-utils-3.4.2.jar:/Users/sushantnew/.m2/repository/org/jsoup/jsoup/1.15.3/jsoup-1.15.3.jar:/Users/sushantnew/.m2/repository/com/googlecode/owasp-java-html-sanitizer/owasp-java-html-sanitizer/20211018.2/owasp-java-html-sanitizer-20211018.2.jar:/Users/sushantnew/.m2/repository/commons-configuration/commons-configuration/1.10/commons-configuration-1.10.jar:/Users/sushantnew/.m2/repository/commons-lang/commons-lang/2.6/commons-lang-2.6.jar:/Users/sushantnew/.m2/repository/commons-logging/commons-logging/1.1.1/commons-logging-1.1.1.jar:/Users/sushantnew/.m2/repository/org/seleniumhq/selenium/selenium-java/4.23.0/selenium-java-4.23.0.jar:/Users/sushantnew/.m2/repository/org/seleniumhq/selenium/selenium-api/4.23.0/selenium-api-4.23.0.jar:/Users/sushantnew/.m2/repository/org/seleniumhq/selenium/selenium-chrome-driver/4.23.0/selenium-chrome-driver-4.23.0.jar:/Users/sushantnew/.m2/repository/com/google/auto/service/auto-service-annotations/1.1.1/auto-service-annotations-1.1.1.jar:/Users/sushantnew/.m2/repository/org/seleniumhq/selenium/selenium-chromium-driver/4.23.0/selenium-chromium-driver-4.23.0.jar:/Users/sushantnew/.m2/repository/org/seleniumhq/selenium/selenium-json/4.23.0/selenium-json-4.23.0.jar:/Users/sushantnew/.m2/repository/org/seleniumhq/selenium/selenium-manager/4.23.0/selenium-manager-4.23.0.jar:/Users/sushantnew/.m2/repository/org/seleniumhq/selenium/selenium-devtools-v125/4.23.0/selenium-devtools-v125-4.23.0.jar:/Users/sushantnew/.m2/repository/org/seleniumhq/selenium/selenium-devtools-v126/4.23.0/selenium-devtools-v126-4.23.0.jar:/Users/sushantnew/.m2/repository/org/seleniumhq/selenium/selenium-devtools-v127/4.23.0/selenium-devtools-v127-4.23.0.jar:/Users/sushantnew/.m2/repository/org/seleniumhq/selenium/selenium-devtools-v85/4.23.0/selenium-devtools-v85-4.23.0.jar:/Users/sushantnew/.m2/repository/org/seleniumhq/selenium/selenium-edge-driver/4.23.0/selenium-edge-driver-4.23.0.jar:/Users/sushantnew/.m2/repository/org/seleniumhq/selenium/selenium-firefox-driver/4.23.0/selenium-firefox-driver-4.23.0.jar:/Users/sushantnew/.m2/repository/org/seleniumhq/selenium/selenium-http/4.23.0/selenium-http-4.23.0.jar:/Users/sushantnew/.m2/repository/dev/failsafe/failsafe/3.3.2/failsafe-3.3.2.jar:/Users/sushantnew/.m2/repository/org/seleniumhq/selenium/selenium-ie-driver/4.23.0/selenium-ie-driver-4.23.0.jar:/Users/sushantnew/.m2/repository/org/seleniumhq/selenium/selenium-remote-driver/4.23.0/selenium-remote-driver-4.23.0.jar:/Users/sushantnew/.m2/repository/io/opentelemetry/semconv/opentelemetry-semconv/1.25.0-alpha/opentelemetry-semconv-1.25.0-alpha.jar:/Users/sushantnew/.m2/repository/io/opentelemetry/opentelemetry-api/1.40.0/opentelemetry-api-1.40.0.jar:/Users/sushantnew/.m2/repository/io/opentelemetry/opentelemetry-context/1.40.0/opentelemetry-context-1.40.0.jar:/Users/sushantnew/.m2/repository/io/opentelemetry/opentelemetry-exporter-logging/1.40.0/opentelemetry-exporter-logging-1.40.0.jar:/Users/sushantnew/.m2/repository/io/opentelemetry/opentelemetry-sdk-common/1.40.0/opentelemetry-sdk-common-1.40.0.jar:/Users/sushantnew/.m2/repository/io/opentelemetry/opentelemetry-sdk-extension-autoconfigure-spi/1.40.0/opentelemetry-sdk-extension-autoconfigure-spi-1.40.0.jar:/Users/sushantnew/.m2/repository/io/opentelemetry/opentelemetry-sdk-extension-autoconfigure/1.40.0/opentelemetry-sdk-extension-autoconfigure-1.40.0.jar:/Users/sushantnew/.m2/repository/io/opentelemetry/opentelemetry-api-incubator/1.40.0-alpha/opentelemetry-api-incubator-1.40.0-alpha.jar:/Users/sushantnew/.m2/repository/io/opentelemetry/opentelemetry-sdk-trace/1.40.0/opentelemetry-sdk-trace-1.40.0.jar:/Users/sushantnew/.m2/repository/io/opentelemetry/opentelemetry-sdk/1.40.0/opentelemetry-sdk-1.40.0.jar:/Users/sushantnew/.m2/repository/io/opentelemetry/opentelemetry-sdk-metrics/1.40.0/opentelemetry-sdk-metrics-1.40.0.jar:/Users/sushantnew/.m2/repository/io/opentelemetry/opentelemetry-sdk-logs/1.40.0/opentelemetry-sdk-logs-1.40.0.jar:/Users/sushantnew/.m2/repository/net/bytebuddy/byte-buddy/1.14.18/byte-buddy-1.14.18.jar:/Users/sushantnew/.m2/repository/org/seleniumhq/selenium/selenium-os/4.23.0/selenium-os-4.23.0.jar:/Users/sushantnew/.m2/repository/org/apache/commons/commons-exec/1.4.0/commons-exec-1.4.0.jar:/Users/sushantnew/.m2/repository/org/seleniumhq/selenium/selenium-safari-driver/4.23.0/selenium-safari-driver-4.23.0.jar:/Users/sushantnew/.m2/repository/org/seleniumhq/selenium/selenium-support/4.23.0/selenium-support-4.23.0.jar:/Users/sushantnew/.m2/repository/org/apache/logging/log4j/log4j-core/2.17.2/log4j-core-2.17.2.jar:/Users/sushantnew/.m2/repository/org/apache/logging/log4j/log4j-api/2.17.2/log4j-api-2.17.2.jar:/Users/sushantnew/.m2/repository/io/rest-assured/rest-assured/5.0.1/rest-assured-5.0.1.jar:/Users/sushantnew/.m2/repository/org/apache/groovy/groovy/4.0.1/groovy-4.0.1.jar:/Users/sushantnew/.m2/repository/org/apache/groovy/groovy-xml/4.0.1/groovy-xml-4.0.1.jar:/Users/sushantnew/.m2/repository/org/apache/httpcomponents/httpclient/4.5.13/httpclient-4.5.13.jar:/Users/sushantnew/.m2/repository/org/apache/httpcomponents/httpcore/4.4.13/httpcore-4.4.13.jar:/Users/sushantnew/.m2/repository/commons-codec/commons-codec/1.11/commons-codec-1.11.jar:/Users/sushantnew/.m2/repository/org/apache/httpcomponents/httpmime/4.5.13/httpmime-4.5.13.jar:/Users/sushantnew/.m2/repository/org/hamcrest/hamcrest/2.1/hamcrest-2.1.jar:/Users/sushantnew/.m2/repository/org/ccil/cowan/tagsoup/tagsoup/1.2.1/tagsoup-1.2.1.jar:/Users/sushantnew/.m2/repository/io/rest-assured/json-path/5.0.1/json-path-5.0.1.jar:/Users/sushantnew/.m2/repository/org/apache/groovy/groovy-json/4.0.1/groovy-json-4.0.1.jar:/Users/sushantnew/.m2/repository/io/rest-assured/json-schema-validator/5.0.1/json-schema-validator-5.0.1.jar:/Users/sushantnew/.m2/repository/com/github/java-json-tools/json-schema-validator/2.2.14/json-schema-validator-2.2.14.jar:/Users/sushantnew/.m2/repository/com/github/java-json-tools/jackson-coreutils-equivalence/1.0/jackson-coreutils-equivalence-1.0.jar:/Users/sushantnew/.m2/repository/com/github/java-json-tools/jackson-coreutils/2.0/jackson-coreutils-2.0.jar:/Users/sushantnew/.m2/repository/com/github/java-json-tools/msg-simple/1.2/msg-simple-1.2.jar:/Users/sushantnew/.m2/repository/com/github/java-json-tools/btf/1.3/btf-1.3.jar:/Users/sushantnew/.m2/repository/com/github/java-json-tools/json-schema-core/1.2.14/json-schema-core-1.2.14.jar:/Users/sushantnew/.m2/repository/com/github/java-json-tools/uri-template/0.10/uri-template-0.10.jar:/Users/sushantnew/.m2/repository/org/mozilla/rhino/1.7.7.2/rhino-1.7.7.2.jar:/Users/sushantnew/.m2/repository/com/sun/mail/mailapi/1.6.2/mailapi-1.6.2.jar:/Users/sushantnew/.m2/repository/com/googlecode/libphonenumber/libphonenumber/8.11.1/libphonenumber-8.11.1.jar:/Users/sushantnew/.m2/repository/net/sf/jopt-simple/jopt-simple/5.0.4/jopt-simple-5.0.4.jar:/Users/sushantnew/.m2/repository/io/rest-assured/xml-path/5.0.1/xml-path-5.0.1.jar:/Users/sushantnew/.m2/repository/io/rest-assured/rest-assured-common/5.0.1/rest-assured-common-5.0.1.jar:/Users/sushantnew/.m2/repository/org/junit/jupiter/junit-jupiter-api/5.7.2/junit-jupiter-api-5.7.2.jar:/Users/sushantnew/.m2/repository/org/opentest4j/opentest4j/1.2.0/opentest4j-1.2.0.jar:/Users/sushantnew/.m2/repository/org/junit/platform/junit-platform-commons/1.7.2/junit-platform-commons-1.7.2.jar:/Users/sushantnew/.m2/repository/org/hamcrest/java-hamcrest/2.0.0.0/java-hamcrest-2.0.0.0.jar:/Users/sushantnew/.m2/repository/org/hamcrest/hamcrest-all/1.3/hamcrest-all-1.3.jar:/Users/sushantnew/.m2/repository/tech/grasshopper/extentreports-cucumber6-adapter/2.17.0/extentreports-cucumber6-adapter-2.17.0.jar:/Users/sushantnew/.m2/repository/com/aventstack/extentreports/5.0.9/extentreports-5.0.9.jar:/Users/sushantnew/.m2/repository/io/reactivex/rxjava3/rxjava/3.0.4/rxjava-3.0.4.jar:/Users/sushantnew/.m2/repository/org/reactivestreams/reactive-streams/1.0.3/reactive-streams-1.0.3.jar:/Users/sushantnew/.m2/repository/org/freemarker/freemarker/2.3.30/freemarker-2.3.30.jar:/Users/sushantnew/.m2/repository/com/google/code/gson/gson/2.8.6/gson-2.8.6.jar:/Users/sushantnew/.m2/repository/tech/grasshopper/extent-pdf-report/2.11.0/extent-pdf-report-2.11.0.jar:/Users/sushantnew/.m2/repository/tech/grasshopper/cucumber-pdf-report/2.13.0/cucumber-pdf-report-2.13.0.jar:/Users/sushantnew/.m2/repository/org/apache/pdfbox/pdfbox/2.0.26/pdfbox-2.0.26.jar:/Users/sushantnew/.m2/repository/org/apache/pdfbox/fontbox/2.0.26/fontbox-2.0.26.jar:/Users/sushantnew/.m2/repository/org/knowm/xchart/xchart/3.8.0/xchart-3.8.0.jar:/Users/sushantnew/.m2/repository/de/erichseifert/vectorgraphics2d/VectorGraphics2D/0.13/VectorGraphics2D-0.13.jar:/Users/sushantnew/.m2/repository/de/rototor/pdfbox/graphics2d/0.30/graphics2d-0.30.jar:/Users/sushantnew/.m2/repository/com/madgag/animated-gif-lib/1.4/animated-gif-lib-1.4.jar:/Users/sushantnew/.m2/repository/org/yaml/snakeyaml/2.0/snakeyaml-2.0.jar:/Users/sushantnew/.m2/repository/tech/grasshopper/table-layout/1.5.1/table-layout-1.5.1.jar:/Users/sushantnew/.m2/repository/tech/grasshopper/rest-assured-cucumber-pdf-report/1.4.1/rest-assured-cucumber-pdf-report-1.4.1.jar:/Users/sushantnew/.m2/repository/com/aventstack/klov-reporter/5.0.9/klov-reporter-5.0.9.jar:/Users/sushantnew/.m2/repository/org/mongodb/bson/3.6.4/bson-3.6.4.jar:/Users/sushantnew/.m2/repository/tech/grasshopper/htmlextentreporter/1.0.1/htmlextentreporter-1.0.1.jar:/Users/sushantnew/.m2/repository/tech/grasshopper/extent-excel-report/1.3.0/extent-excel-report-1.3.0.jar:/Users/sushantnew/.m2/repository/org/mongodb/mongodb-driver/3.3.0/mongodb-driver-3.3.0.jar:/Users/sushantnew/.m2/repository/org/mongodb/mongodb-driver-core/3.3.0/mongodb-driver-core-3.3.0.jar:/Users/sushantnew/.m2/repository/com/googlecode/json-simple/json-simple/1.1.1/json-simple-1.1.1.jar:/Users/sushantnew/.m2/repository/org/apache/poi/poi-ooxml/5.2.2/poi-ooxml-5.2.2.jar:/Users/sushantnew/.m2/repository/org/apache/poi/poi/5.2.2/poi-5.2.2.jar:/Users/sushantnew/.m2/repository/org/apache/commons/commons-math3/3.6.1/commons-math3-3.6.1.jar:/Users/sushantnew/.m2/repository/com/zaxxer/SparseBitSet/1.2/SparseBitSet-1.2.jar:/Users/sushantnew/.m2/repository/org/apache/poi/poi-ooxml-lite/5.2.2/poi-ooxml-lite-5.2.2.jar:/Users/sushantnew/.m2/repository/org/apache/xmlbeans/xmlbeans/5.0.3/xmlbeans-5.0.3.jar:/Users/sushantnew/.m2/repository/org/apache/commons/commons-compress/1.21/commons-compress-1.21.jar:/Users/sushantnew/.m2/repository/com/github/virtuald/curvesapi/1.07/curvesapi-1.07.jar:/Users/sushantnew/.m2/repository/org/json/json/20230227/json-20230227.jar:/Users/sushantnew/.m2/repository/com/google/guava/guava/32.0.0-jre/guava-32.0.0-jre.jar:/Users/sushantnew/.m2/repository/com/google/guava/failureaccess/1.0.1/failureaccess-1.0.1.jar:/Users/sushantnew/.m2/repository/com/google/guava/listenablefuture/9999.0-empty-to-avoid-conflict-with-guava/listenablefuture-9999.0-empty-to-avoid-conflict-with-guava.jar:/Users/sushantnew/.m2/repository/com/google/code/findbugs/jsr305/3.0.2/jsr305-3.0.2.jar:/Users/sushantnew/.m2/repository/org/checkerframework/checker-qual/3.33.0/checker-qual-3.33.0.jar:/Users/sushantnew/.m2/repository/com/google/errorprone/error_prone_annotations/2.18.0/error_prone_annotations-2.18.0.jar:/Users/sushantnew/.m2/repository/com/google/j2objc/j2objc-annotations/2.8/j2objc-annotations-2.8.jar:/Users/sushantnew/.m2/repository/org/projectlombok/lombok/1.18.24/lombok-1.18.24.jar:/Users/sushantnew/.m2/repository/io/cucumber/cucumber-testng/7.3.4/cucumber-testng-7.3.4.jar:/Users/sushantnew/.m2/repository/org/testng/testng/7.5/testng-7.5.jar:/Users/sushantnew/.m2/repository/com/beust/jcommander/1.78/jcommander-1.78.jar:/Users/sushantnew/.m2/repository/org/webjars/jquery/3.5.1/jquery-3.5.1.jar:"/>
    <property name="sun.cpu.endian" value="little"/>
    <property name="user.home" value="/Users/sushantnew"/>
    <property name="user.language" value="en"/>
    <property name="java.specification.vendor" value="Oracle Corporation"/>
    <property name="java.version.date" value="2024-01-16"/>
    <property name="java.home" value="/Library/Java/JavaVirtualMachines/jdk-17.jdk/Contents/Home"/>
    <property name="file.separator" value="/"/>
    <property name="basedir" value="/Users/sushantnew/Documents/BDD-Selenium-2"/>
    <property name="java.vm.compressedOopsMode" value="Zero based"/>
    <property name="line.separator" value="&#10;"/>
    <property name="java.vm.specification.vendor" value="Oracle Corporation"/>
    <property name="java.specification.name" value="Java Platform API Specification"/>
    <property name="surefire.real.class.path" value="/Users/sushantnew/Documents/BDD-Selenium-2/target/surefire/surefirebooter-20241118212408401_3.jar"/>
    <property name="sun.management.compiler" value="HotSpot 64-Bit Tiered Compilers"/>
    <property name="ftp.nonProxyHosts" value="local|*.local|169.254/16|*.169.254/16"/>
    <property name="java.runtime.version" value="17.0.10+11-LTS-240"/>
    <property name="user.name" value="sushantnew"/>
    <property name="path.separator" value=":"/>
    <property name="os.version" value="13.2.1"/>
    <property name="java.runtime.name" value="Java(TM) SE Runtime Environment"/>
    <property name="file.encoding" value="US-ASCII"/>
    <property name="java.vm.name" value="Java HotSpot(TM) 64-Bit Server VM"/>
    <property name="localRepository" value="/Users/sushantnew/.m2/repository"/>
    <property name="java.vendor.url.bug" value="https://bugreport.java.com/bugreport/"/>
    <property name="java.io.tmpdir" value="/var/folders/s2/h_1cb9qn0ns4xs3ly8yy_jlc0000gn/T/"/>
    <property name="idea.version" value="2024.1"/>
    <property name="java.version" value="17.0.10"/>
    <property name="user.dir" value="/Users/sushantnew/Documents/BDD-Selenium-2"/>
    <property name="os.arch" value="aarch64"/>
    <property name="java.vm.specification.name" value="Java Virtual Machine Specification"/>
    <property name="native.encoding" value="US-ASCII"/>
    <property name="java.library.path" value="/Users/sushantnew/Library/Java/Extensions:/Library/Java/Extensions:/Network/Library/Java/Extensions:/System/Library/Java/Extensions:/usr/lib/java:."/>
    <property name="java.vm.info" value="mixed mode, sharing"/>
    <property name="java.vendor" value="Oracle Corporation"/>
    <property name="java.vm.version" value="17.0.10+11-LTS-240"/>
    <property name="sun.io.unicode.encoding" value="UnicodeBig"/>
    <property name="socksNonProxyHosts" value="local|*.local|169.254/16|*.169.254/16"/>
    <property name="java.class.version" value="61.0"/>
  </properties>
  <testcase name="User navigates to Careers page from Labcorp home page" classname="Labcorp Careers Page Navigation" time="7.635">
    <system-out><![CDATA[
@Ui
Scenario: User navigates to Careers page from Labcorp home page # src/test/java/org/example/features/1Home.feature:4
21:24:10.763 [main] INFO  Home_Page - Load Web Page.http://www.labcorp.com
  Given the user opens a browser and goes to Labcorp home page. # org.example.stepdefs.HomeStepDef.the_user_opens_a_browser_and_goes_to_labcorp_home_page()
21:24:14.582 [main] INFO  HomePage - Clicking on Top Careers Link
  When the user finds and clicks the "Careers" link             # org.example.stepdefs.HomeStepDef.the_user_finds_and_clicks_the_link(java.lang.String)
21:24:16.624 [main] INFO  HomePage - Current page Title: Careers at Labcorp | Embrace Possibilities, Change Lives
  Then the user should be navigated to the Careers page         # org.example.stepdefs.HomeStepDef.the_user_should_be_navigated_to_the_careers_page()
]]></system-out>
    <system-err><![CDATA[Nov 18, 2024 9:24:10 PM org.openqa.selenium.devtools.CdpVersionFinder findNearestMatch
WARNING: Unable to find an exact match for CDP version 131, returning the closest version; found: 127; Please update to a Selenium version that supports CDP version 131
Nov 18, 2024 9:24:10 PM org.example.utils.DriverSetup webDriverOpen
INFO: Driver invoked :chrome
]]></system-err>
  </testcase>
  <testcase name="Search and view a Any Job position" classname="Job Position Search and Selection" time="15.431">
    <system-out><![CDATA[
@Ui
Scenario: Search and view a Any Job position                              # src/test/java/org/example/features/2Careers.feature:7
21:24:16.659 [main] INFO  Careers_Page - Job Search page: Careers at Labcorp | Embrace Possibilities, Change Lives
  Given I am on the job search page                                       # org.example.stepdefs.CareersStepDef.i_am_on_the_job_search_page()
21:24:20.140 [main] INFO  CareersPage - Job Search with Title: Health Educator - Northeast Region
  When I search for job position                                          # org.example.stepdefs.CareersStepDef.i_search_for_job_position()
21:24:22.860 [main] INFO  CareersPage -  Result list for Job Searched [Health Educator - Northeast Region, Wellness Worker - Nationwide Health Educator, EHS Specialist II, EHS Specialist II, Specialty Development Executive, Genetics & Women's Health - Houston, TX, Apprenticeship - Animal Welfare, Payer Sales Director - REMOTE, Study Technician- Dose Formulation - 3rd Shift, Medical Technologist III - Microbiology, Senior Director Sales - Labcorp Employer Services]
  Then I should see a list of available positions that match the search   # org.example.stepdefs.CareersStepDef.i_should_see_a_list_of_available_positions_that_match_the_search()
21:24:23.994 [main] INFO  CareersPage -  Select the Job from Search Result: Health Educator - Northeast Region
  When I select the position from Search result                           # org.example.stepdefs.CareersStepDef.i_select_the_position_from_search_result()
21:24:24.015 [main] INFO  CareersPage - Job Title Visible on Page: Health Educator - Northeast Region
  And the page should display the job title match with possition serached # org.example.stepdefs.CareersStepDef.the_page_should_display_the_job_title_match_with_possition_serached()
21:24:24.101 [main] INFO  CareersPage -  Location-1: Burlington, North Carolina, United States of America
21:24:24.109 [main] INFO  CareersPage -  Location-2: Boston, Massachusetts, United States of America
21:24:24.114 [main] INFO  CareersPage -  Location-3: Nashua, New Hampshire, United States of America
21:24:24.118 [main] INFO  CareersPage -  Location-4: Greenwich, Connecticut, United States of America
21:24:24.122 [main] INFO  CareersPage -  Location-5: New Haven, Connecticut, United States of America
  And the page should display the job Location                            # org.example.stepdefs.CareersStepDef.the_page_should_display_the_job_Location()
21:24:24.174 [main] INFO  CareersPage - Job Id Visible on Page: Job Id : 2318113
  And the page should display the job Id                                  # org.example.stepdefs.CareersStepDef.the_page_should_display_the_job_Id()
  Then i click on click Apply Now button                                  # org.example.stepdefs.CareersStepDef.i_click_on_click_apply_now_button()
21:24:32.055 [main] INFO  CareersPage - Current Page titel: Careers at Labcorp | Embrace Possibilities, Change Lives
  Then I click to Return link                                             # org.example.stepdefs.CareersStepDef.i_click_to_return_link()
]]></system-out>
  </testcase>
  <testcase name="Validate response from sample API" classname="Request to Sample API Validation" time="1.934">
    <system-out><![CDATA[
@Api
Scenario: Validate response from sample API      # src/test/java/org/example/features/3GetApi.feature:4
  Given the API endpoint for sample-request      # org.example.stepdefs.GetApiStepDef.the_api_endpoint_for_sample_request()
Request method:	GET
Request URI:	https://echo.free.beeceptor.com/sample-request?author=beeceptor
Proxy:			<none>
Request params:	<none>
Query params:	author=beeceptor
Form params:	<none>
Path params:	<none>
Headers:		Accept=*/*
Cookies:		<none>
Multiparts:		<none>
Body:			<none>
HTTP/1.1 200 OK
Access-Control-Allow-Origin: *
Alt-Svc: h3=":443"; ma=2592000
Content-Type: application/json
Date: Mon, 18 Nov 2024 15:54:33 GMT
Vary: Accept-Encoding
Transfer-Encoding: chunked

{
  "method": "GET",
  "protocol": "https",
  "host": "echo.free.beeceptor.com",
  "path": "/sample-request?author=beeceptor",
  "ip": "122.160.23.35:65213",
  "headers": {
    "Host": "echo.free.beeceptor.com",
    "User-Agent": "Apache-HttpClient/4.5.13 (Java/17.0.10)",
    "Accept": "*/*",
    "Accept-Encoding": "gzip,deflate"
  },
  "parsedQueryParams": {
    "author": "beeceptor"
  }
}
  When I send a GET request to the endpoint      # org.example.stepdefs.GetApiStepDef.i_send_a_get_request_to_the_endpoint()
21:24:33.761 [main] INFO  Get Api - Response Code: 200
  Then the response status code should be 200    # org.example.stepdefs.GetApiStepDef.the_response_status_code_should_be(java.lang.Integer)
21:24:33.959 [main] INFO  Get Api - Path: /sample-request?author=beeceptor
  And the response should include the path field # org.example.stepdefs.GetApiStepDef.the_response_should_include_the_path_field()
21:24:33.963 [main] INFO  Get Api - IP: 122.160.23.35:65213
  And the response should include the ip field   # org.example.stepdefs.GetApiStepDef.the_response_should_include_the_ip_field()
21:24:33.994 [main] INFO  Get Api - Expected Header Values : {Accept=*/*, Accept-Encoding=gzip,deflate, Host=echo.free.beeceptor.com, User-Agent=Apache-HttpClient/4.5.13 (Java/17.0.10)}
21:24:33.994 [main] INFO  Get Api - Actual Header Values : {Accept=*/*, Accept-Encoding=gzip,deflate, Host=echo.free.beeceptor.com, User-Agent=Apache-HttpClient/4.5.13 (Java/17.0.10)}
  And the response headers should include        # org.example.stepdefs.GetApiStepDef.the_response_headers_should_include(io.cucumber.datatable.DataTable)
]]></system-out>
  </testcase>
  <testcase name="Validate POST request response for customer, payment, and product data" classname="POST Request to Sample API" time="0.946">
    <system-out><![CDATA[
@Api
Scenario: Validate POST request response for customer, payment, and product data # src/test/java/org/example/features/4PostApi.feature:7
  Given the API default endpoint                                                 # org.example.stepdefs.PostApiStepDef.the_api_default_endpoint()
Request method:	POST
Request URI:	https://echo.free.beeceptor.com/sample-request?author=beeceptor
Proxy:			<none>
Request params:	<none>
Query params:	author=beeceptor
Form params:	<none>
Path params:	<none>
Headers:		Accept=*/*
				Content-Type=application/json
Cookies:		<none>
Multiparts:		<none>
Body:
{
    "order_status": "processing",
    "shipping": {
        "method": "standard",
        "cost": "5.99",
        "estimated_delivery": "2024-11-15"
    },
    "created_at": "2024-11-07T12:00:00Z",
    "payment": {
        "transaction_id": "txn_67890",
        "amount": "111.97",
        "currency": "USD",
        "method": "credit_card"
    },
    "order_id": "12345",
    "items": [
        {
            "name": "Wireless Headphones",
            "quantity": "1",
            "price": "79.99",
            "product_id": "A101"
        },
        {
            "name": "Smartphone Case",
            "quantity": "2",
            "price": "15.99",
            "product_id": "B202"
        }
    ],
    "customer": {
        "name": "Jane Smith",
        "address": "{zipcode=10001, country=USA, city=Metropolis, street=456 Oak Street, state=NY}",
        "phone": "1-987-654-3210",
        "email": "janesmith@example.com"
    }
}
Request method:	POST
Request URI:	https://echo.free.beeceptor.com/sample-request?author=beeceptor
Proxy:			<none>
Request params:	<none>
Query params:	author=beeceptor
Form params:	<none>
Path params:	<none>
Headers:		Accept=*/*
				Content-Type=application/json
Cookies:		<none>
Multiparts:		<none>
Body:
{
    "order_status": "processing",
    "shipping": {
        "method": "standard",
        "cost": "5.99",
        "estimated_delivery": "2024-11-15"
    },
    "created_at": "2024-11-07T12:00:00Z",
    "payment": {
        "transaction_id": "txn_67890",
        "amount": "111.97",
        "currency": "USD",
        "method": "credit_card"
    },
    "order_id": "12345",
    "items": [
        {
            "name": "Wireless Headphones",
            "quantity": "1",
            "price": "79.99",
            "product_id": "A101"
        },
        {
            "name": "Smartphone Case",
            "quantity": "2",
            "price": "15.99",
            "product_id": "B202"
        }
    ],
    "customer": {
        "name": "Jane Smith",
        "address": "{zipcode=10001, country=USA, city=Metropolis, street=456 Oak Street, state=NY}",
        "phone": "1-987-654-3210",
        "email": "janesmith@example.com"
    }
}
21:24:34.846 [main] INFO  Post Api  - Request BODY :
  When I send a POST request to the endpoint with the payload                    # org.example.stepdefs.PostApiStepDef.i_send_a_post_request_to_the_endpoint_with_the_payload()
  Then The response status code should be 200                                    # org.example.stepdefs.PostApiStepDef.the_response_status_code_should_be(java.lang.Integer)
HTTP/1.1 200 OK
Access-Control-Allow-Origin: *
Alt-Svc: h3=":443"; ma=2592000
Content-Encoding: gzip
Content-Type: application/json
Date: Mon, 18 Nov 2024 15:54:34 GMT
Vary: Accept-Encoding
Transfer-Encoding: chunked

{
    "method": "POST",
    "protocol": "https",
    "host": "echo.free.beeceptor.com",
    "path": "/sample-request?author=beeceptor",
    "ip": "122.160.23.35:65224",
    "headers": {
        "Host": "echo.free.beeceptor.com",
        "User-Agent": "Apache-HttpClient/4.5.13 (Java/17.0.10)",
        "Content-Length": "615",
        "Accept": "*/*",
        "Accept-Encoding": "gzip,deflate",
        "Content-Type": "application/json"
    },
    "parsedQueryParams": {
        "author": "beeceptor"
    },
    "parsedBody": {
        "order_status": "processing",
        "shipping": {
            "method": "standard",
            "cost": "5.99",
            "estimated_delivery": "2024-11-15"
        },
        "created_at": "2024-11-07T12:00:00Z",
        "payment": {
            "transaction_id": "txn_67890",
            "amount": "111.97",
            "currency": "USD",
            "method": "credit_card"
        },
        "order_id": "12345",
        "items": [
            {
                "name": "Wireless Headphones",
                "quantity": "1",
                "price": "79.99",
                "product_id": "A101"
            },
            {
                "name": "Smartphone Case",
                "quantity": "2",
                "price": "15.99",
                "product_id": "B202"
            }
        ],
        "customer": {
            "name": "Jane Smith",
            "address": "{zipcode=10001, country=USA, city=Metropolis, street=456 Oak Street, state=NY}",
            "phone": "1-987-654-3210",
            "email": "janesmith@example.com"
        }
    }
}
21:24:34.865 [main] INFO  Post Api  - Order Code : 12345
  And the response should include customer information:                          # org.example.stepdefs.PostApiStepDef.the_response_should_include_customer_information(io.cucumber.datatable.DataTable)
  And the response should include payment details:                               # org.example.stepdefs.PostApiStepDef.the_response_should_include_payment_details(io.cucumber.datatable.DataTable)
  And the response should include product1 information:                          # org.example.stepdefs.PostApiStepDef.the_response_should_include_product1_information(io.cucumber.datatable.DataTable)
  And the response should include product2 information:                          # org.example.stepdefs.PostApiStepDef.the_response_should_include_product2_information(io.cucumber.datatable.DataTable)
]]></system-out>
  </testcase>
</testsuite>